==2810== Memcheck, a memory error detector
==2810== Copyright (C) 2002-2017, and GNU GPL'd, by Julian Seward et al.
==2810== Using Valgrind-3.18.1-42b08ed5bd-20211015 and LibVEX; rerun with -h for copyright info
==2810== Command: ./kry -c -f my_text_nokey.txt -o output.txt
==2810== Parent PID: 28
==2810== 
--2810-- 
--2810-- Valgrind options:
--2810--    --leak-check=full
--2810--    --log-file=logfile.out
--2810--    -v
--2810-- Contents of /proc/version:
--2810--   Linux version 5.15.90.1-microsoft-standard-WSL2 (oe-user@oe-host) (x86_64-msft-linux-gcc (GCC) 9.3.0, GNU ld (GNU Binutils) 2.34.0.20200220) #1 SMP Fri Jan 27 02:56:13 UTC 2023
--2810-- 
--2810-- Arch and hwcaps: AMD64, LittleEndian, amd64-cx16-lzcnt-rdtscp-sse3-ssse3-avx-avx2-bmi-f16c-rdrand-rdseed
--2810-- Page sizes: currently 4096, max supported 4096
--2810-- Valgrind library directory: /usr/libexec/valgrind
--2810-- Reading syms from /mnt/c/Users/poucp/Desktop/schooll/1MIT/KRY/kry
--2810-- Reading syms from /usr/lib/x86_64-linux-gnu/ld-linux-x86-64.so.2
--2810--   Considering /usr/lib/debug/.build-id/61/ef896a699bb1c2e4e231642b2e1688b2f1a61e.debug ..
--2810--   .. build-id is valid
--2810-- Reading syms from /usr/libexec/valgrind/memcheck-amd64-linux
--2810--    object doesn't have a symbol table
--2810--    object doesn't have a dynamic symbol table
--2810-- Scheduler: using generic scheduler lock implementation.
--2810-- Reading suppressions file: /usr/libexec/valgrind/default.supp
==2810== embedded gdbserver: reading from /tmp/vgdb-pipe-from-vgdb-to-2810-by-survivecz-on-???
==2810== embedded gdbserver: writing to   /tmp/vgdb-pipe-to-vgdb-from-2810-by-survivecz-on-???
==2810== embedded gdbserver: shared mem   /tmp/vgdb-pipe-shared-mem-vgdb-2810-by-survivecz-on-???
==2810== 
==2810== TO CONTROL THIS PROCESS USING vgdb (which you probably
==2810== don't want to do, unless you know exactly what you're doing,
==2810== or are doing some strange experiment):
==2810==   /usr/bin/vgdb --pid=2810 ...command...
==2810== 
==2810== TO DEBUG THIS PROCESS USING GDB: start GDB like this
==2810==   /path/to/gdb ./kry
==2810== and then give GDB the following command
==2810==   target remote | /usr/bin/vgdb --pid=2810
==2810== --pid is optional if only one valgrind process is running
==2810== 
--2810-- REDIR: 0x402aa60 (ld-linux-x86-64.so.2:strlen) redirected to 0x580bcec2 (???)
--2810-- REDIR: 0x402a830 (ld-linux-x86-64.so.2:index) redirected to 0x580bcedc (???)
--2810-- Reading syms from /usr/libexec/valgrind/vgpreload_core-amd64-linux.so
--2810--    object doesn't have a symbol table
--2810-- Reading syms from /usr/libexec/valgrind/vgpreload_memcheck-amd64-linux.so
--2810--    object doesn't have a symbol table
==2810== WARNING: new redirection conflicts with existing -- ignoring it
--2810--     old: 0x0402aa60 (strlen              ) R-> (0000.0) 0x580bcec2 ???
--2810--     new: 0x0402aa60 (strlen              ) R-> (2007.0) 0x0484ee30 strlen
--2810-- REDIR: 0x4027240 (ld-linux-x86-64.so.2:strcmp) redirected to 0x484fcd0 (strcmp)
--2810-- REDIR: 0x402afc0 (ld-linux-x86-64.so.2:mempcpy) redirected to 0x4853840 (mempcpy)
--2810-- Reading syms from /usr/lib/x86_64-linux-gnu/libc.so.6
--2810--   Considering /usr/lib/debug/.build-id/69/389d485a9793dbe873f0ea2c93e02efaa9aa3d.debug ..
--2810--   .. build-id is valid
==2810== WARNING: new redirection conflicts with existing -- ignoring it
--2810--     old: 0x04908ce0 (memalign            ) R-> (1011.0) 0x0484e080 memalign
--2810--     new: 0x04908ce0 (memalign            ) R-> (1017.0) 0x0484e050 aligned_alloc
==2810== WARNING: new redirection conflicts with existing -- ignoring it
--2810--     old: 0x04908ce0 (memalign            ) R-> (1011.0) 0x0484e080 memalign
--2810--     new: 0x04908ce0 (memalign            ) R-> (1017.0) 0x0484e020 aligned_alloc
==2810== WARNING: new redirection conflicts with existing -- ignoring it
--2810--     old: 0x04908ce0 (memalign            ) R-> (1011.0) 0x0484e080 memalign
--2810--     new: 0x04908ce0 (memalign            ) R-> (1017.0) 0x0484e050 aligned_alloc
==2810== WARNING: new redirection conflicts with existing -- ignoring it
--2810--     old: 0x04908ce0 (memalign            ) R-> (1011.0) 0x0484e080 memalign
--2810--     new: 0x04908ce0 (memalign            ) R-> (1017.0) 0x0484e020 aligned_alloc
--2810-- REDIR: 0x490b7a0 (libc.so.6:strnlen) redirected to 0x483f220 (_vgnU_ifunc_wrapper)
--2810-- REDIR: 0x490ba60 (libc.so.6:strpbrk) redirected to 0x483f220 (_vgnU_ifunc_wrapper)
--2810-- REDIR: 0x490b360 (libc.so.6:strcmp) redirected to 0x483f220 (_vgnU_ifunc_wrapper)
--2810-- REDIR: 0x4929d50 (libc.so.6:wcsnlen) redirected to 0x483f220 (_vgnU_ifunc_wrapper)
--2810-- REDIR: 0x490c750 (libc.so.6:memset) redirected to 0x483f220 (_vgnU_ifunc_wrapper)
--2810-- REDIR: 0x49285c0 (libc.so.6:wcslen) redirected to 0x483f220 (_vgnU_ifunc_wrapper)
--2810-- REDIR: 0x490cc90 (libc.so.6:memcpy@@GLIBC_2.14) redirected to 0x483f220 (_vgnU_ifunc_wrapper)
--2810-- REDIR: 0x49283f0 (libc.so.6:wcschr) redirected to 0x483f220 (_vgnU_ifunc_wrapper)
--2810-- REDIR: 0x490b2e0 (libc.so.6:index) redirected to 0x483f220 (_vgnU_ifunc_wrapper)
--2810-- REDIR: 0x490b9e0 (libc.so.6:rindex) redirected to 0x483f220 (_vgnU_ifunc_wrapper)
--2810-- REDIR: 0x490c620 (libc.so.6:memmove) redirected to 0x483f220 (_vgnU_ifunc_wrapper)
==2810== Preferring higher priority redirection:
--2810--     old: 0x04a03940 (__memcpy_avx_unalign) R-> (2018.0) 0x04850f90 __memcpy_avx_unaligned_erms
--2810--     new: 0x04a03940 (__memcpy_avx_unalign) R-> (2018.1) 0x04852880 memmove
--2810-- REDIR: 0x4928470 (libc.so.6:wcscmp) redirected to 0x483f220 (_vgnU_ifunc_wrapper)
--2810-- REDIR: 0x490ca60 (libc.so.6:stpncpy) redirected to 0x483f220 (_vgnU_ifunc_wrapper)
--2810-- REDIR: 0x4928a30 (libc.so.6:wmemchr) redirected to 0x483f220 (_vgnU_ifunc_wrapper)
--2810-- REDIR: 0x490b8b0 (libc.so.6:strncmp) redirected to 0x483f220 (_vgnU_ifunc_wrapper)
--2810-- REDIR: 0x490caf0 (libc.so.6:strcasecmp) redirected to 0x483f220 (_vgnU_ifunc_wrapper)
--2810-- REDIR: 0x490b4a0 (libc.so.6:strcspn) redirected to 0x483f220 (_vgnU_ifunc_wrapper)
--2810-- REDIR: 0x49284f0 (libc.so.6:wcscpy) redirected to 0x483f220 (_vgnU_ifunc_wrapper)
--2810-- REDIR: 0x490b250 (libc.so.6:strcat) redirected to 0x483f220 (_vgnU_ifunc_wrapper)
--2810-- REDIR: 0x490cbe0 (libc.so.6:strncasecmp_l) redirected to 0x483f220 (_vgnU_ifunc_wrapper)
--2810-- REDIR: 0x490c500 (libc.so.6:bcmp) redirected to 0x483f220 (_vgnU_ifunc_wrapper)
--2810-- REDIR: 0x49145f0 (libc.so.6:memrchr) redirected to 0x483f220 (_vgnU_ifunc_wrapper)
--2810-- REDIR: 0x490e090 (libc.so.6:strchrnul) redirected to 0x483f220 (_vgnU_ifunc_wrapper)
--2810-- REDIR: 0x490b410 (libc.so.6:strcpy) redirected to 0x483f220 (_vgnU_ifunc_wrapper)
--2810-- REDIR: 0x490cb90 (libc.so.6:strcasecmp_l) redirected to 0x483f220 (_vgnU_ifunc_wrapper)
--2810-- REDIR: 0x490b720 (libc.so.6:strlen) redirected to 0x483f220 (_vgnU_ifunc_wrapper)
--2810-- REDIR: 0x490b950 (libc.so.6:strncpy) redirected to 0x483f220 (_vgnU_ifunc_wrapper)
--2810-- REDIR: 0x490c9d0 (libc.so.6:stpcpy) redirected to 0x483f220 (_vgnU_ifunc_wrapper)
--2810-- REDIR: 0x490c470 (libc.so.6:memchr) redirected to 0x483f220 (_vgnU_ifunc_wrapper)
--2810-- REDIR: 0x490bb80 (libc.so.6:strspn) redirected to 0x483f220 (_vgnU_ifunc_wrapper)
--2810-- REDIR: 0x490c850 (libc.so.6:mempcpy) redirected to 0x483f220 (_vgnU_ifunc_wrapper)
--2810-- REDIR: 0x490cb40 (libc.so.6:strncasecmp) redirected to 0x483f220 (_vgnU_ifunc_wrapper)
--2810-- REDIR: 0x490e000 (libc.so.6:rawmemchr) redirected to 0x483f220 (_vgnU_ifunc_wrapper)
--2810-- REDIR: 0x4a00790 (libc.so.6:__strrchr_avx2) redirected to 0x484e810 (rindex)
--2810-- REDIR: 0x49fbac0 (libc.so.6:__strcmp_avx2) redirected to 0x484fbd0 (strcmp)
--2810-- REDIR: 0x4908120 (libc.so.6:malloc) redirected to 0x4848820 (malloc)
--2810-- REDIR: 0x490c040 (libc.so.6:__GI_strstr) redirected to 0x4853ae0 (__strstr_sse2)
--2810-- REDIR: 0x49fc440 (libc.so.6:__memchr_avx2) redirected to 0x484fd50 (memchr)
--2810-- REDIR: 0x4a03940 (libc.so.6:__memcpy_avx_unaligned_erms) redirected to 0x4852880 (memmove)
--2810-- REDIR: 0x4a00960 (libc.so.6:__strlen_avx2) redirected to 0x484ed10 (strlen)
==2810== Invalid read of size 1
==2810==    at 0x484ED24: strlen (in /usr/libexec/valgrind/vgpreload_memcheck-amd64-linux.so)
==2810==    by 0x109977: frequency (kry.c:80)
==2810==    by 0x109977: nokey_decode (kry.c:158)
==2810==    by 0x109427: main (kry.c:254)
==2810==  Address 0x4a8e7be is 0 bytes after a block of size 254 alloc'd
==2810==    at 0x4848899: malloc (in /usr/libexec/valgrind/vgpreload_memcheck-amd64-linux.so)
==2810==    by 0x109699: decode (kry.c:38)
==2810==    by 0x109951: nokey_decode (kry.c:155)
==2810==    by 0x109427: main (kry.c:254)
==2810== 
--2810-- REDIR: 0x4908460 (libc.so.6:free) redirected to 0x484b210 (free)
--2810-- REDIR: 0x4a00580 (libc.so.6:__strchrnul_avx2) redirected to 0x4853330 (strchrnul)
--2810-- REDIR: 0x4a03900 (libc.so.6:__mempcpy_avx_unaligned_erms) redirected to 0x4853440 (mempcpy)
==2810== Invalid read of size 1
==2810==    at 0x484ED24: strlen (in /usr/libexec/valgrind/vgpreload_memcheck-amd64-linux.so)
==2810==    by 0x48D9DB0: __vfprintf_internal (vfprintf-internal.c:1517)
==2810==    by 0x4997EC2: __fprintf_chk (fprintf_chk.c:33)
==2810==    by 0x109BD0: fprintf (stdio2.h:105)
==2810==    by 0x109BD0: nokey_decode (kry.c:184)
==2810==    by 0x109427: main (kry.c:254)
==2810==  Address 0x4ab313e is 0 bytes after a block of size 254 alloc'd
==2810==    at 0x4848899: malloc (in /usr/libexec/valgrind/vgpreload_memcheck-amd64-linux.so)
==2810==    by 0x109699: decode (kry.c:38)
==2810==    by 0x109BA0: nokey_decode (kry.c:182)
==2810==    by 0x109427: main (kry.c:254)
==2810== 
==2810== 
==2810== HEAP SUMMARY:
==2810==     in use at exit: 472 bytes in 1 blocks
==2810==   total heap usage: 607 allocs, 606 frees, 111,118 bytes allocated
==2810== 
==2810== Searching for pointers to 1 not-freed blocks
==2810== Checked 108,592 bytes
==2810== 
==2810== LEAK SUMMARY:
==2810==    definitely lost: 0 bytes in 0 blocks
==2810==    indirectly lost: 0 bytes in 0 blocks
==2810==      possibly lost: 0 bytes in 0 blocks
==2810==    still reachable: 472 bytes in 1 blocks
==2810==         suppressed: 0 bytes in 0 blocks
==2810== Reachable blocks (those to which a pointer was found) are not shown.
==2810== To see them, rerun with: --leak-check=full --show-leak-kinds=all
==2810== 
==2810== ERROR SUMMARY: 7801 errors from 2 contexts (suppressed: 0 from 0)
==2810== 
==2810== 1 errors in context 1 of 2:
==2810== Invalid read of size 1
==2810==    at 0x484ED24: strlen (in /usr/libexec/valgrind/vgpreload_memcheck-amd64-linux.so)
==2810==    by 0x48D9DB0: __vfprintf_internal (vfprintf-internal.c:1517)
==2810==    by 0x4997EC2: __fprintf_chk (fprintf_chk.c:33)
==2810==    by 0x109BD0: fprintf (stdio2.h:105)
==2810==    by 0x109BD0: nokey_decode (kry.c:184)
==2810==    by 0x109427: main (kry.c:254)
==2810==  Address 0x4ab313e is 0 bytes after a block of size 254 alloc'd
==2810==    at 0x4848899: malloc (in /usr/libexec/valgrind/vgpreload_memcheck-amd64-linux.so)
==2810==    by 0x109699: decode (kry.c:38)
==2810==    by 0x109BA0: nokey_decode (kry.c:182)
==2810==    by 0x109427: main (kry.c:254)
==2810== 
==2810== 
==2810== 7800 errors in context 2 of 2:
==2810== Invalid read of size 1
==2810==    at 0x484ED24: strlen (in /usr/libexec/valgrind/vgpreload_memcheck-amd64-linux.so)
==2810==    by 0x109977: frequency (kry.c:80)
==2810==    by 0x109977: nokey_decode (kry.c:158)
==2810==    by 0x109427: main (kry.c:254)
==2810==  Address 0x4a8e7be is 0 bytes after a block of size 254 alloc'd
==2810==    at 0x4848899: malloc (in /usr/libexec/valgrind/vgpreload_memcheck-amd64-linux.so)
==2810==    by 0x109699: decode (kry.c:38)
==2810==    by 0x109951: nokey_decode (kry.c:155)
==2810==    by 0x109427: main (kry.c:254)
==2810== 
==2810== ERROR SUMMARY: 7801 errors from 2 contexts (suppressed: 0 from 0)
